{"C:\\Users\\geras\\Desktop\\NODEJS-2021Q4\\Task 2 Testing\\src\\errors.js": {"path":"C:\\Users\\geras\\Desktop\\NODEJS-2021Q4\\Task 2 Testing\\src\\errors.js","all":false,"statementMap":{"0":{"start":{"line":1,"column":0},"end":{"line":1,"column":29}},"1":{"start":{"line":2,"column":0},"end":{"line":2,"column":24}},"2":{"start":{"line":3,"column":0},"end":{"line":3,"column":18}},"3":{"start":{"line":4,"column":0},"end":{"line":4,"column":34}},"4":{"start":{"line":5,"column":0},"end":{"line":5,"column":3}},"5":{"start":{"line":6,"column":0},"end":{"line":6,"column":1}},"6":{"start":{"line":7,"column":0},"end":{"line":7,"column":0}},"7":{"start":{"line":8,"column":0},"end":{"line":8,"column":24}}},"s":{"0":1,"1":1,"2":1,"3":1,"4":1,"5":1,"6":1,"7":1},"branchMap":{"0":{"type":"branch","line":2,"loc":{"start":{"line":2,"column":2},"end":{"line":5,"column":3}},"locations":[{"start":{"line":2,"column":2},"end":{"line":5,"column":3}}]}},"b":{"0":[1]},"fnMap":{"0":{"name":"MyError","decl":{"start":{"line":2,"column":2},"end":{"line":5,"column":3}},"loc":{"start":{"line":2,"column":2},"end":{"line":5,"column":3}},"line":2}},"f":{"0":1}}
,"C:\\Users\\geras\\Desktop\\NODEJS-2021Q4\\Task 2 Testing\\src\\ciphers\\index.js": {"path":"C:\\Users\\geras\\Desktop\\NODEJS-2021Q4\\Task 2 Testing\\src\\ciphers\\index.js","all":false,"statementMap":{"0":{"start":{"line":1,"column":0},"end":{"line":1,"column":40}},"1":{"start":{"line":2,"column":0},"end":{"line":2,"column":34}},"2":{"start":{"line":3,"column":0},"end":{"line":3,"column":40}},"3":{"start":{"line":4,"column":0},"end":{"line":4,"column":40}},"4":{"start":{"line":5,"column":0},"end":{"line":5,"column":0}},"5":{"start":{"line":6,"column":0},"end":{"line":6,"column":18}},"6":{"start":{"line":7,"column":0},"end":{"line":7,"column":54}},"7":{"start":{"line":8,"column":0},"end":{"line":8,"column":60}},"8":{"start":{"line":9,"column":0},"end":{"line":9,"column":60}},"9":{"start":{"line":10,"column":0},"end":{"line":10,"column":1}}},"s":{"0":1,"1":1,"2":1,"3":1,"4":1,"5":1,"6":1,"7":1,"8":1,"9":1},"branchMap":{"0":{"type":"branch","line":7,"loc":{"start":{"line":7,"column":7},"end":{"line":7,"column":32}},"locations":[{"start":{"line":7,"column":7},"end":{"line":7,"column":32}}]},"1":{"type":"branch","line":8,"loc":{"start":{"line":8,"column":10},"end":{"line":8,"column":35}},"locations":[{"start":{"line":8,"column":10},"end":{"line":8,"column":35}}]},"2":{"type":"branch","line":9,"loc":{"start":{"line":9,"column":10},"end":{"line":9,"column":35}},"locations":[{"start":{"line":9,"column":10},"end":{"line":9,"column":35}}]}},"b":{"0":[2],"1":[2],"2":[1]},"fnMap":{"0":{"name":"rot","decl":{"start":{"line":7,"column":7},"end":{"line":7,"column":32}},"loc":{"start":{"line":7,"column":7},"end":{"line":7,"column":32}},"line":7},"1":{"name":"caesar","decl":{"start":{"line":8,"column":10},"end":{"line":8,"column":35}},"loc":{"start":{"line":8,"column":10},"end":{"line":8,"column":35}},"line":8},"2":{"name":"atbash","decl":{"start":{"line":9,"column":10},"end":{"line":9,"column":35}},"loc":{"start":{"line":9,"column":10},"end":{"line":9,"column":35}},"line":9}},"f":{"0":2,"1":2,"2":1}}
,"C:\\Users\\geras\\Desktop\\NODEJS-2021Q4\\Task 2 Testing\\src\\streams\\index.js": {"path":"C:\\Users\\geras\\Desktop\\NODEJS-2021Q4\\Task 2 Testing\\src\\streams\\index.js","all":false,"statementMap":{"0":{"start":{"line":1,"column":0},"end":{"line":1,"column":18}},"1":{"start":{"line":2,"column":0},"end":{"line":2,"column":38}},"2":{"start":{"line":3,"column":0},"end":{"line":3,"column":38}},"3":{"start":{"line":4,"column":0},"end":{"line":4,"column":40}},"4":{"start":{"line":5,"column":0},"end":{"line":5,"column":1}}},"s":{"0":1,"1":1,"2":1,"3":1,"4":1},"branchMap":{},"b":{},"fnMap":{},"f":{}}
}
