TN:
SF:src\configValidator.js
FN:6,checkFlag
FN:12,getFlagValue
FN:18,configCheck
FNF:3
FNH:2
FNDA:10,checkFlag
FNDA:4,getFlagValue
FNDA:0,configCheck
DA:1,1
DA:2,1
DA:3,1
DA:4,1
DA:5,1
DA:6,1
DA:7,10
DA:8,10
DA:9,1
DA:10,1
DA:11,1
DA:12,1
DA:13,4
DA:14,4
DA:15,4
DA:16,4
DA:17,1
DA:18,1
DA:19,0
DA:20,0
DA:21,0
DA:22,0
DA:23,0
DA:24,0
DA:25,0
DA:26,0
DA:27,0
DA:28,0
DA:29,0
DA:30,0
DA:31,0
DA:32,0
DA:33,0
DA:34,0
DA:35,0
DA:36,0
DA:37,0
DA:38,0
DA:39,0
DA:40,0
DA:41,0
DA:42,0
DA:43,0
DA:44,0
DA:45,0
DA:46,0
DA:47,0
DA:48,1
DA:49,1
LF:49
LH:20
BRDA:6,0,0,10
BRDA:7,1,0,0
BRDA:10,2,0,6
BRDA:12,3,0,4
BRDA:15,4,0,1
BRDA:15,5,0,3
BRF:6
BRH:5
end_of_record
